Flutter crash report.
Please report a bug at https://github.com/flutter/flutter/issues.

## command

flutter analyze

## exception

PathNotFoundException: PathNotFoundException: Directory listing failed, path = 'C:\Users\PUSITCH\Desktop\ICPC\iCPC2025\application_icpc\lib\flutter\packages\flutter_tools\test\widget_preview_scaffold.shard\widget_preview_scaffold\lib\flutter\packages\flutter_tools\test\widget_preview_scaffold.shard\widget_preview_scaffold\.idea\libraries\*' (OS Error: The system cannot find the path specified.
, errno = 3)

```
#0      _Directory._fillWithDirectoryListing (dart:io-patch/directory_patch.dart:49:4)
#1      _Directory.listSync (dart:io/directory_impl.dart:273:5)
#2      ForwardingDirectory.listSync (package:file/src/forwarding/forwarding_directory.dart:43:12)
#3      ForwardingDirectory.listSync (package:file/src/forwarding/forwarding_directory.dart:43:12)
#4      FlutterCommandRunner._gatherProjectPaths (package:flutter_tools/src/runner/flutter_command_runner.dart:532:10)
#5      FlutterCommandRunner._gatherProjectPaths.<anonymous closure> (package:flutter_tools/src/runner/flutter_command_runner.dart:535:20)
#6      ExpandIterator.moveNext (dart:_internal/iterable.dart:510:31)
#7      new _GrowableList._ofOther (dart:core-patch/growable_array.dart:207:26)
#8      new _GrowableList.of (dart:core-patch/growable_array.dart:156:26)
#9      new List.of (dart:core-patch/array_patch.dart:39:18)
#10     Iterable.toList (dart:core/iterable.dart:517:7)
#11     FlutterCommandRunner._gatherProjectPaths (package:flutter_tools/src/runner/flutter_command_runner.dart:539:10)
#12     FlutterCommandRunner._gatherProjectPaths.<anonymous closure> (package:flutter_tools/src/runner/flutter_command_runner.dart:535:20)
#13     ExpandIterator.moveNext (dart:_internal/iterable.dart:510:31)
#14     new _GrowableList._ofOther (dart:core-patch/growable_array.dart:207:26)
#15     new _GrowableList.of (dart:core-patch/growable_array.dart:156:26)
#16     new List.of (dart:core-patch/array_patch.dart:39:18)
#17     Iterable.toList (dart:core/iterable.dart:517:7)
#18     FlutterCommandRunner._gatherProjectPaths (package:flutter_tools/src/runner/flutter_command_runner.dart:539:10)
#19     FlutterCommandRunner._gatherProjectPaths.<anonymous closure> (package:flutter_tools/src/runner/flutter_command_runner.dart:535:20)
#20     ExpandIterator.moveNext (dart:_internal/iterable.dart:510:31)
#21     new _GrowableList._ofOther (dart:core-patch/growable_array.dart:207:26)
#22     new _GrowableList.of (dart:core-patch/growable_array.dart:156:26)
#23     new List.of (dart:core-patch/array_patch.dart:39:18)
#24     Iterable.toList (dart:core/iterable.dart:517:7)
#25     FlutterCommandRunner._gatherProjectPaths (package:flutter_tools/src/runner/flutter_command_runner.dart:539:10)
#26     FlutterCommandRunner._gatherProjectPaths.<anonymous closure> (package:flutter_tools/src/runner/flutter_command_runner.dart:535:20)
#27     ExpandIterator.moveNext (dart:_internal/iterable.dart:510:31)
#28     new _GrowableList._ofOther (dart:core-patch/growable_array.dart:207:26)
#29     new _GrowableList.of (dart:core-patch/growable_array.dart:156:26)
#30     new List.of (dart:core-patch/array_patch.dart:39:18)
#31     Iterable.toList (dart:core/iterable.dart:517:7)
#32     FlutterCommandRunner._gatherProjectPaths (package:flutter_tools/src/runner/flutter_command_runner.dart:539:10)
#33     FlutterCommandRunner._gatherProjectPaths.<anonymous closure> (package:flutter_tools/src/runner/flutter_command_runner.dart:535:20)
#34     ExpandIterator.moveNext (dart:_internal/iterable.dart:510:31)
#35     new _GrowableList._ofOther (dart:core-patch/growable_array.dart:207:26)
#36     new _GrowableList.of (dart:core-patch/growable_array.dart:156:26)
#37     new List.of (dart:core-patch/array_patch.dart:39:18)
#38     Iterable.toList (dart:core/iterable.dart:517:7)
#39     FlutterCommandRunner._gatherProjectPaths (package:flutter_tools/src/runner/flutter_command_runner.dart:539:10)
#40     FlutterCommandRunner._gatherProjectPaths.<anonymous closure> (package:flutter_tools/src/runner/flutter_command_runner.dart:535:20)
#41     ExpandIterator.moveNext (dart:_internal/iterable.dart:510:31)
#42     new _GrowableList._ofOther (dart:core-patch/growable_array.dart:207:26)
#43     new _GrowableList.of (dart:core-patch/growable_array.dart:156:26)
#44     new List.of (dart:core-patch/array_patch.dart:39:18)
#45     Iterable.toList (dart:core/iterable.dart:517:7)
#46     FlutterCommandRunner._gatherProjectPaths (package:flutter_tools/src/runner/flutter_command_runner.dart:539:10)
#47     FlutterCommandRunner._gatherProjectPaths.<anonymous closure> (package:flutter_tools/src/runner/flutter_command_runner.dart:535:20)
#48     ExpandIterator.moveNext (dart:_internal/iterable.dart:510:31)
#49     new _GrowableList._ofOther (dart:core-patch/growable_array.dart:207:26)
#50     new _GrowableList.of (dart:core-patch/growable_array.dart:156:26)
#51     new List.of (dart:core-patch/array_patch.dart:39:18)
#52     Iterable.toList (dart:core/iterable.dart:517:7)
#53     FlutterCommandRunner._gatherProjectPaths (package:flutter_tools/src/runner/flutter_command_runner.dart:539:10)
#54     FlutterCommandRunner._gatherProjectPaths.<anonymous closure> (package:flutter_tools/src/runner/flutter_command_runner.dart:535:20)
#55     ExpandIterator.moveNext (dart:_internal/iterable.dart:510:31)
#56     new _GrowableList._ofOther (dart:core-patch/growable_array.dart:207:26)
#57     new _GrowableList.of (dart:core-patch/growable_array.dart:156:26)
#58     new List.of (dart:core-patch/array_patch.dart:39:18)
#59     Iterable.toList (dart:core/iterable.dart:517:7)
#60     FlutterCommandRunner._gatherProjectPaths (package:flutter_tools/src/runner/flutter_command_runner.dart:539:10)
#61     FlutterCommandRunner._gatherProjectPaths.<anonymous closure> (package:flutter_tools/src/runner/flutter_command_runner.dart:535:20)
#62     ExpandIterator.moveNext (dart:_internal/iterable.dart:510:31)
#63     new _GrowableList._ofOther (dart:core-patch/growable_array.dart:207:26)
#64     new _GrowableList.of (dart:core-patch/growable_array.dart:156:26)
#65     new List.of (dart:core-patch/array_patch.dart:39:18)
#66     Iterable.toList (dart:core/iterable.dart:517:7)
#67     FlutterCommandRunner._gatherProjectPaths (package:flutter_tools/src/runner/flutter_command_runner.dart:539:10)
#68     FlutterCommandRunner._gatherProjectPaths.<anonymous closure> (package:flutter_tools/src/runner/flutter_command_runner.dart:535:20)
#69     ExpandIterator.moveNext (dart:_internal/iterable.dart:510:31)
#70     new _GrowableList._ofOther (dart:core-patch/growable_array.dart:207:26)
#71     new _GrowableList.of (dart:core-patch/growable_array.dart:156:26)
#72     new List.of (dart:core-patch/array_patch.dart:39:18)
#73     Iterable.toList (dart:core/iterable.dart:517:7)
#74     FlutterCommandRunner._gatherProjectPaths (package:flutter_tools/src/runner/flutter_command_runner.dart:539:10)
#75     FlutterCommandRunner._gatherProjectPaths.<anonymous closure> (package:flutter_tools/src/runner/flutter_command_runner.dart:535:20)
#76     ExpandIterator.moveNext (dart:_internal/iterable.dart:510:31)
#77     new _GrowableList._ofOther (dart:core-patch/growable_array.dart:207:26)
#78     new _GrowableList.of (dart:core-patch/growable_array.dart:156:26)
#79     new List.of (dart:core-patch/array_patch.dart:39:18)
#80     Iterable.toList (dart:core/iterable.dart:517:7)
#81     FlutterCommandRunner._gatherProjectPaths (package:flutter_tools/src/runner/flutter_command_runner.dart:539:10)
#82     FlutterCommandRunner._gatherProjectPaths.<anonymous closure> (package:flutter_tools/src/runner/flutter_command_runner.dart:535:20)
#83     ExpandIterator.moveNext (dart:_internal/iterable.dart:510:31)
#84     new _GrowableList._ofOther (dart:core-patch/growable_array.dart:207:26)
#85     new _GrowableList.of (dart:core-patch/growable_array.dart:156:26)
#86     new List.of (dart:core-patch/array_patch.dart:39:18)
#87     Iterable.toList (dart:core/iterable.dart:517:7)
#88     FlutterCommandRunner._gatherProjectPaths (package:flutter_tools/src/runner/flutter_command_runner.dart:539:10)
#89     FlutterCommandRunner._gatherProjectPaths.<anonymous closure> (package:flutter_tools/src/runner/flutter_command_runner.dart:535:20)
#90     ExpandIterator.moveNext (dart:_internal/iterable.dart:510:31)
#91     new _GrowableList._ofOther (dart:core-patch/growable_array.dart:207:26)
#92     new _GrowableList.of (dart:core-patch/growable_array.dart:156:26)
#93     new List.of (dart:core-patch/array_patch.dart:39:18)
#94     Iterable.toList (dart:core/iterable.dart:517:7)
#95     FlutterCommandRunner._gatherProjectPaths (package:flutter_tools/src/runner/flutter_command_runner.dart:539:10)
#96     FlutterCommandRunner.getRepoPackages.<anonymous closure> (package:flutter_tools/src/runner/flutter_command_runner.dart:520:42)
#97     ExpandIterator.moveNext (dart:_internal/iterable.dart:510:31)
#98     MappedIterator.moveNext (dart:_internal/iterable.dart:419:19)
#99     new _GrowableList._ofOther (dart:core-patch/growable_array.dart:207:26)
#100    new _GrowableList.of (dart:core-patch/growable_array.dart:156:26)
#101    new List.of (dart:core-patch/array_patch.dart:39:18)
#102    Iterable.toList (dart:core/iterable.dart:517:7)
#103    FlutterCommandRunner.getRepoPackages (package:flutter_tools/src/runner/flutter_command_runner.dart:522:10)
#104    AnalyzeCommand.runCommand (package:flutter_tools/src/commands/analyze.dart:383:17)
#105    FlutterCommand.verifyThenRunCommand (package:flutter_tools/src/runner/flutter_command.dart:1904:12)
<asynchronous suspension>
#106    FlutterCommand.run.<anonymous closure> (package:flutter_tools/src/runner/flutter_command.dart:1581:27)
<asynchronous suspension>
#107    AppContext.run.<anonymous closure> (package:flutter_tools/src/base/context.dart:154:19)
<asynchronous suspension>
#108    CommandRunner.runCommand (package:args/command_runner.dart:212:13)
<asynchronous suspension>
#109    FlutterCommandRunner.runCommand.<anonymous closure> (package:flutter_tools/src/runner/flutter_command_runner.dart:503:9)
<asynchronous suspension>
#110    AppContext.run.<anonymous closure> (package:flutter_tools/src/base/context.dart:154:19)
<asynchronous suspension>
#111    FlutterCommandRunner.runCommand (package:flutter_tools/src/runner/flutter_command_runner.dart:438:5)
<asynchronous suspension>
#112    run.<anonymous closure>.<anonymous closure> (package:flutter_tools/runner.dart:98:11)
<asynchronous suspension>
#113    AppContext.run.<anonymous closure> (package:flutter_tools/src/base/context.dart:154:19)
<asynchronous suspension>
#114    main (package:flutter_tools/executable.dart:101:3)
<asynchronous suspension>
```

## flutter doctor

```
[32m[✓][39m Flutter (Channel stable, 3.35.2, on Microsoft Windows [Version 10.0.26100.5074], locale th-TH)
    [312ms]
    [32m•[39m Flutter version 3.35.2 on channel stable at
      C:\Users\PUSITCH\Desktop\ICPC\iCPC2025\application_icpc\lib\flutter
    [32m•[39m Upstream repository https://github.com/flutter/flutter.git
    [32m•[39m Framework revision 05db968908 (9 days ago), 2025-08-25 10:21:35 -0700
    [32m•[39m Engine revision 9e70384fba
    [32m•[39m Dart version 3.9.0 (build 3.9.0-333.2.beta)
    [32m•[39m DevTools version 2.48.0
    [32m•[39m Feature flags: enable-web, enable-linux-desktop, enable-macos-desktop, enable-windows-desktop,
      enable-android, enable-ios, cli-animations, enable-lldb-debugging

[32m[✓][39m Windows Version (11 Home Single Language 64-bit, 24H2, 2009) [1,938ms]

[31m[✗][39m Android toolchain - develop for Android devices [105ms]
    [31m✗[39m Unable to locate Android SDK.
      Install Android Studio from: https://developer.android.com/studio/index.html
      On first launch it will assist you in installing the Android SDK components.
      (or visit https://flutter.dev/to/windows-android-setup for detailed instructions).
      If the Android SDK has been installed to a custom location, please use
      `flutter config --android-sdk` to update to that location.


[32m[✓][39m Chrome - develop for the web [90ms]
    [32m•[39m Chrome at C:\Program Files\Google\Chrome\Application\chrome.exe

[32m[✓][39m Visual Studio - develop Windows apps (Visual Studio Community 2022 17.12.3) [88ms]
    [32m•[39m Visual Studio at C:\Program Files\Microsoft Visual Studio\2022\Community
    [32m•[39m Visual Studio Community 2022 version 17.12.35527.113
    [32m•[39m Windows 10 SDK version 10.0.22621.0

[33m[!][39m Android Studio (not installed) [6ms]
    [32m•[39m Android Studio not found; download from https://developer.android.com/studio/index.html
      (or visit https://flutter.dev/to/windows-android-setup for detailed instructions).

[32m[✓][39m VS Code (version 1.103.2) [6ms]
    [32m•[39m VS Code at C:\Users\PUSITCH\AppData\Local\Programs\Microsoft VS Code
    [32m•[39m Flutter extension version 3.118.0

[32m[✓][39m Connected device (3 available) [100ms]
    [32m•[39m Windows (desktop) • windows • windows-x64    • Microsoft Windows [Version 10.0.26100.5074]
    [32m•[39m Chrome (web)      • chrome  • web-javascript • Google Chrome 139.0.7258.155
    [32m•[39m Edge (web)        • edge    • web-javascript • Microsoft Edge 139.0.3405.125

[32m[✓][39m Network resources [470ms]
    [32m•[39m All expected network resources are available.

[33m![39m Doctor found issues in 2 categories.
```
